<?xml version="1.0" encoding="UTF-8" ?>
<testsuites>
  <testsuite errors="0" failures="1" hostname="Columbia-03" id="0" name="BuildVersionVerification_TCID" package="com.qa.columbia.scripts.BuildAcceptance_testcasesV6_0" tests="1" time="15.934" timestamp="2011-08-18T10:43:20">
      <properties>
[...]
</properties>

      <testcase classname="com.qa.columbia.scripts.BuildAcceptance_testcasesV6_0.BuildVersionVerification_TCID" name="test_BuildVersionVerification_TCID" time="15.934">
          <failure message="TC_XXX:Verify that correct Build number is displayed" type="junit.framework.AssertionFailedError">junit.framework.AssertionFailedError: TC_XXX:Verify that correct Build number is displayed
	at com.qa.columbia.executor.TesterAsserter.assertTrue(Unknown Source)
	at com.qa.columbia.scripts.BuildAcceptance_testcasesV6_0.BuildVersionVerification_TCID.test_BuildVersionVerification_TCID(BuildVersionVerification_TCID.java:92)
	at com.thoughtworks.selenium.SeleneseTestCase.runBare(SeleneseTestCase.java:212)
	at org.eclipse.ant.internal.ui.antsupport.EclipseSingleCheckExecutor.executeTargets(EclipseSingleCheckExecutor.java:30)
	at net.sf.antcontrib.logic.ForEach.executeSequential(Unknown Source)
	at net.sf.antcontrib.logic.ForEach.execute(Unknown Source)
	at org.eclipse.ant.internal.ui.antsupport.EclipseDefaultExecutor.executeTargets(EclipseDefaultExecutor.java:32)
	at org.eclipse.ant.internal.ui.antsupport.InternalAntRunner.run(InternalAntRunner.java:423)
	at org.eclipse.ant.internal.ui.antsupport.InternalAntRunner.main(InternalAntRunner.java:137)
</failure>

      </testcase>

      <system-out><![CDATA[>>>> INFO  >>>> <title>Automation Result of Selenium Test Suite</title>
>>>> INFO  >>>> <head><u><h1 align='center'>Selenium Automation Report</h1></u></head>
>>>> INFO  >>>> <table border='0' width='100%' height='47'>
>>>> INFO  >>>> <tr>
>>>> INFO  >>>> </tr>
>>>> INFO  >>>> <BR>
>>>> INFO  >>>> <tr>
>>>> INFO  >>>> <td width='25%' bgcolor='#CCCCFF' align='center'><b><font color='#000000' face='Garamond'>Test Script Name</font></b></td>
>>>> INFO  >>>> <td width='35%' bgcolor='#CCCCFF' align='center'><b><font color='#000000' face='Garamond'>Test Case Description</font></b></td>
>>>> INFO  >>>> <td width='10%' bgcolor='#CCCCFF' align='center'><b><font color='#000000' face='Garamond'>Result</font></b></td>
>>>> INFO  >>>> <td width='15%' bgcolor='#CCCCFF' align='center'><b><font color='#000000' face='Garamond'>Start Time</font></b></td>
>>>> INFO  >>>> <td width='15%' bgcolor='#CCCCFF' align='center'><b><font color='#000000' face='Garamond'>End Time</font></b></td>
>>>> INFO  >>>> </tr>
>>>> INFO  >>>> </table>
>>>> INFO  >>>> <table border='0' width='100%' height='47'>
>>>> INFO  >>>> <tr>
>>>> INFO  >>>> <td width='25%'> <font color='#000000' face='Garamond'>TC_XXX </font></td>
>>>> INFO  >>>> <td width='35%'> <font color='#000000' face='Garamond'> TC_XXX:Verify that Build Version is displayed</font></td>
>>>> INFO  >>>> <td width='10%' align='center'><font color='#000000' face='Garamond'> SUCCESSFULL </font></td>
>>>> INFO  >>>> <td width='15%' align='center'><font color='#000000' face='Garamond'> Thu Aug 18 16:13:20 GMT+05:30 2011</font></td>
>>>> INFO  >>>> <td width='15%' align='center'><font color='#000000' face='Garamond'> Thu Aug 18 16:13:35 GMT+05:30 2011</font></td>
>>>> INFO  >>>> </tr>
>>>> INFO  >>>> </table>
]]></system-out>

      <system-err><![CDATA[]]></system-err>

  </testsuite>
  <testsuite errors="0" failures="0" hostname="Columbia-03" id="1" name="Cleanup_Script" package="com.qa.columbia.scripts.BuildAcceptance_testcasesV6_0" tests="1" time="6.606" timestamp="2011-08-18T10:42:43">
      <properties>
[...]
</properties>

      <testcase classname="com.qa.columbia.scripts.BuildAcceptance_testcasesV6_0.Cleanup_Script" name="test_ApacheTomcatService_Startup" time="6.606" />

      <system-out><![CDATA[true
C:\Documents and Settings\narekumar\Local Settings\Temp\customProfileDir320c7f30335c49a68919a36cc97d3f6e
true
]]></system-out>

      <system-err><![CDATA[]]></system-err>

  </testsuite>
  <testsuite errors="0" failures="0" hostname="Columbia-03" id="2" name="LoginVerification_TCID" package="com.qa.columbia.scripts.BuildAcceptance_testcasesV6_0" tests="1" time="19.198" timestamp="2011-08-18T10:43:01">
      <properties>
[...]
</properties>

      <testcase classname="com.qa.columbia.scripts.BuildAcceptance_testcasesV6_0.LoginVerification_TCID" name="test_LoginPageVerification" time="19.198" />

      <system-out><![CDATA[>>>> INFO  >>>> <title>Automation Result of Selenium Test Suite</title>
>>>> INFO  >>>> <head><u><h1 align='center'>Selenium Automation Report</h1></u></head>
>>>> INFO  >>>> <table border='0' width='100%' height='47'>
>>>> INFO  >>>> <tr>
>>>> INFO  >>>> </tr>
>>>> INFO  >>>> <BR>
>>>> INFO  >>>> <tr>
>>>> INFO  >>>> <td width='25%' bgcolor='#CCCCFF' align='center'><b><font color='#000000' face='Garamond'>Test Script Name</font></b></td>
>>>> INFO  >>>> <td width='35%' bgcolor='#CCCCFF' align='center'><b><font color='#000000' face='Garamond'>Test Case Description</font></b></td>
>>>> INFO  >>>> <td width='10%' bgcolor='#CCCCFF' align='center'><b><font color='#000000' face='Garamond'>Result</font></b></td>
>>>> INFO  >>>> <td width='15%' bgcolor='#CCCCFF' align='center'><b><font color='#000000' face='Garamond'>Start Time</font></b></td>
>>>> INFO  >>>> <td width='15%' bgcolor='#CCCCFF' align='center'><b><font color='#000000' face='Garamond'>End Time</font></b></td>
>>>> INFO  >>>> </tr>
>>>> INFO  >>>> </table>
>>>> INFO  >>>> <table border='0' width='100%' height='47'>
>>>> INFO  >>>> <tr>
>>>> INFO  >>>> <td width='25%'> <font color='#000000' face='Garamond'>TC_XXX </font></td>
>>>> INFO  >>>> <td width='35%'> <font color='#000000' face='Garamond'> Verify that user is able to login.</font></td>
>>>> INFO  >>>> <td width='10%' align='center'><font color='#000000' face='Garamond'> SUCCESSFULL </font></td>
>>>> INFO  >>>> <td width='15%' align='center'><font color='#000000' face='Garamond'> Thu Aug 18 16:13:01 GMT+05:30 2011</font></td>
>>>> INFO  >>>> <td width='15%' align='center'><font color='#000000' face='Garamond'> Thu Aug 18 16:13:17 GMT+05:30 2011</font></td>
>>>> INFO  >>>> </tr>
>>>> INFO  >>>> </table>
>>>> INFO  >>>> <table border='0' width='100%' height='47'>
>>>> INFO  >>>> <tr>
>>>> INFO  >>>> <td width='25%'> <font color='#000000' face='Garamond'>TC_XXX </font></td>
>>>> INFO  >>>> <td width='35%'> <font color='#000000' face='Garamond'> Verify that user is able to Login to admin portal successfully.</font></td>
>>>> INFO  >>>> <td width='10%' align='center'><font color='#000000' face='Garamond'> SUCCESSFULL </font></td>
>>>> INFO  >>>> <td width='15%' align='center'><font color='#000000' face='Garamond'> Thu Aug 18 16:13:01 GMT+05:30 2011</font></td>
>>>> INFO  >>>> <td width='15%' align='center'><font color='#000000' face='Garamond'> Thu Aug 18 16:13:17 GMT+05:30 2011</font></td>
>>>> INFO  >>>> </tr>
>>>> INFO  >>>> </table>
]]></system-out>

      <system-err><![CDATA[]]></system-err>

  </testsuite>
  <testsuite errors="0" failures="0" hostname="Columbia-03" id="3" name="Login_page_TCID" package="com.qa.columbia.scripts.BuildAcceptance_testcasesV6_0" tests="1" time="11.525" timestamp="2011-08-18T10:42:49">
      <properties>
[...]
</properties>

      <testcase classname="com.qa.columbia.scripts.BuildAcceptance_testcasesV6_0.Login_page_TCID" name="test_Launch_SVP" time="11.525" />

      <system-out><![CDATA[>>>> INFO  >>>> <title>Automation Result of Selenium Test Suite</title>
>>>> INFO  >>>> <head><u><h1 align='center'>Selenium Automation Report</h1></u></head>
>>>> INFO  >>>> <table border='0' width='100%' height='47'>
>>>> INFO  >>>> <tr>
>>>> INFO  >>>> </tr>
>>>> INFO  >>>> <BR>
>>>> INFO  >>>> <tr>
>>>> INFO  >>>> <td width='25%' bgcolor='#CCCCFF' align='center'><b><font color='#000000' face='Garamond'>Test Script Name</font></b></td>
>>>> INFO  >>>> <td width='35%' bgcolor='#CCCCFF' align='center'><b><font color='#000000' face='Garamond'>Test Case Description</font></b></td>
>>>> INFO  >>>> <td width='10%' bgcolor='#CCCCFF' align='center'><b><font color='#000000' face='Garamond'>Result</font></b></td>
>>>> INFO  >>>> <td width='15%' bgcolor='#CCCCFF' align='center'><b><font color='#000000' face='Garamond'>Start Time</font></b></td>
>>>> INFO  >>>> <td width='15%' bgcolor='#CCCCFF' align='center'><b><font color='#000000' face='Garamond'>End Time</font></b></td>
>>>> INFO  >>>> </tr>
>>>> INFO  >>>> </table>
>>>> INFO  >>>> <table border='0' width='100%' height='47'>
>>>> INFO  >>>> <tr>
>>>> INFO  >>>> <td width='25%'> <font color='#000000' face='Garamond'>TC_XXX </font></td>
>>>> INFO  >>>> <td width='35%'> <font color='#000000' face='Garamond'> Verify that 'Login' page is displayed successfully.</font></td>
>>>> INFO  >>>> <td width='10%' align='center'><font color='#000000' face='Garamond'> SUCCESSFULL </font></td>
>>>> INFO  >>>> <td width='15%' align='center'><font color='#000000' face='Garamond'> Thu Aug 18 16:12:49 GMT+05:30 2011</font></td>
>>>> INFO  >>>> <td width='15%' align='center'><font color='#000000' face='Garamond'> Thu Aug 18 16:12:58 GMT+05:30 2011</font></td>
>>>> INFO  >>>> </tr>
>>>> INFO  >>>> </table>
]]></system-out>

      <system-err><![CDATA[]]></system-err>

  </testsuite>
</testsuites>
